<?xml version="1.0" encoding="UTF-8"?>
<!-- Generated by org.testng.reporters.JUnitReportReporter -->
<testsuite skipped="0" hostname="SUN-HSINGH2" name="TestSuiteA.ChromeProfilingAndOptions" tests="1" failures="0" timestamp="2022-06-22T17:21:36 EDT" time="0.012" errors="0">
  <testcase name="fblogin" time="0.012" classname="TestSuiteA.ChromeProfilingAndOptions"/>
</testsuite> <!-- TestSuiteA.ChromeProfilingAndOptions -->
