<?xml version="1.0" encoding="UTF-8"?>
<!-- Generated by org.testng.reporters.JUnitReportReporter -->
<testsuite skipped="0" hostname="SUN-HSINGH2" name="SuiteB.TestNGDemo1" tests="2" failures="0" timestamp="2022-05-26T19:06:50 EDT" time="10.008" errors="0">
  <testcase name="Test2" time="10.005" classname="SuiteB.TestNGDemo1"/>
  <testcase name="Test1" time="0.003" classname="SuiteB.TestNGDemo1"/>
</testsuite> <!-- SuiteB.TestNGDemo1 -->
