<?xml version="1.0" encoding="UTF-8"?>
<!-- Generated by org.testng.reporters.JUnitReportReporter -->
<testsuite skipped="0" hostname="SUN-HSINGH2" name="TestSuiteA.FirefoxPrfilingAndOptions" tests="1" failures="0" timestamp="2022-06-12T19:06:38 EDT" time="8.096" errors="0">
  <testcase name="testFirefox" time="8.096" classname="TestSuiteA.FirefoxPrfilingAndOptions"/>
</testsuite> <!-- TestSuiteA.FirefoxPrfilingAndOptions -->
