<?xml version="1.0" encoding="UTF-8"?>
<!-- Generated by org.testng.reporters.JUnitReportReporter -->
<testsuite skipped="0" hostname="SUN-HSINGH2" name="SuiteB.TestNGDemo2" tests="2" failures="0" timestamp="2022-05-26T19:06:50 EDT" time="4.079" errors="0">
  <testcase name="Test1" time="0.039" classname="SuiteB.TestNGDemo2"/>
  <testcase name="Test2" time="4.040" classname="SuiteB.TestNGDemo2"/>
</testsuite> <!-- SuiteB.TestNGDemo2 -->
